1695646078786	geckodriver	INFO	Listening on 127.0.0.1:56519
1695646081825	mozrunner::runner	INFO	Running command: "C:\\Program Files\\Mozilla Firefox\\firefox.exe" "--marionette" "--remote-debugging-port" "56520" "--remote-allow-hosts" "localhost" "-no-remote" "-profile" "C:\\Users\\SABBIR~1\\AppData\\Local\\Temp\\rust_mozprofilecp42qb"
1695646158212	geckodriver	INFO	Listening on 127.0.0.1:56613
1695646161253	mozrunner::runner	INFO	Running command: "C:\\Program Files\\Mozilla Firefox\\firefox.exe" "--marionette" "--remote-debugging-port" "56614" "--remote-allow-hosts" "localhost" "-no-remote" "-profile" "C:\\Users\\SABBIR~1\\AppData\\Local\\Temp\\rust_mozprofile3OBZgK"
console.warn: services.settings: Ignoring preference override of remote settings server
console.warn: services.settings: Allow by setting MOZ_REMOTE_SETTINGS_DEVTOOLS=1 in the environment
1695646161773	Marionette	INFO	Marionette enabled
Dynamically enable window occlusion 0
1695646161898	Marionette	INFO	Listening on port 56622
WebDriver BiDi listening on ws://127.0.0.1:56614
Read port: 56622
1695646162380	RemoteAgent	WARN	TLS certificate errors will be ignored for this session
DevTools listening on ws://127.0.0.1:56614/devtools/browser/0a0c1223-1282-4536-886b-35b3f8720f89
console.warn: LoginRecipes: "Falling back to a synchronous message for: https://moops-dev.tulip-tech.com."
console.warn: LoginRecipes: "Falling back to a synchronous message for: https://moops-dev.tulip-tech.com."
1695646171385	Marionette	INFO	Stopped listening on port 56622
JavaScript warning: https://moops-dev.tulip-tech.com/_next/static/chunks/main-fea6d9e24ca9e619.js, line 1: Script terminated by timeout at:
28432/a/a<@https://moops-dev.tulip-tech.com/_next/static/chunks/main-fea6d9e24ca9e619.js:1:22317
a@https://moops-dev.tulip-tech.com/_next/static/chunks/main-fea6d9e24ca9e619.js:1:22298
loadRoute@https://moops-dev.tulip-tech.com/_next/static/chunks/main-fea6d9e24ca9e619.js:1:24314
28432/p/prefetch/</<@https://moops-dev.tulip-tech.com/_next/static/chunks/main-fea6d9e24ca9e619.js:1:25411

Dynamically enable window occlusion 1
1695646183772	geckodriver	INFO	Listening on 127.0.0.1:56679
1695646186840	mozrunner::runner	INFO	Running command: "C:\\Program Files\\Mozilla Firefox\\firefox.exe" "--marionette" "--remote-debugging-port" "56680" "--remote-allow-hosts" "localhost" "-no-remote" "-profile" "C:\\Users\\SABBIR~1\\AppData\\Local\\Temp\\rust_mozprofile71Q13d"
console.warn: services.settings: Ignoring preference override of remote settings server
console.warn: services.settings: Allow by setting MOZ_REMOTE_SETTINGS_DEVTOOLS=1 in the environment
1695646187343	Marionette	INFO	Marionette enabled
Dynamically enable window occlusion 0
1695646187483	Marionette	INFO	Listening on port 56688
WebDriver BiDi listening on ws://127.0.0.1:56680
Read port: 56688
1695646187879	RemoteAgent	WARN	TLS certificate errors will be ignored for this session
DevTools listening on ws://127.0.0.1:56680/devtools/browser/a27c8346-ce7d-4dd0-8003-0acc1c609cb8
console.warn: LoginRecipes: "Falling back to a synchronous message for: https://moops-dev.tulip-tech.com."
console.warn: LoginRecipes: "Falling back to a synchronous message for: https://moops-dev.tulip-tech.com."
1695646197123	Marionette	INFO	Stopped listening on port 56688
JavaScript warning: https://moops-dev.tulip-tech.com/_next/static/chunks/main-fea6d9e24ca9e619.js, line 1: Script terminated by timeout at:
28432/a/a<@https://moops-dev.tulip-tech.com/_next/static/chunks/main-fea6d9e24ca9e619.js:1:22317
a@https://moops-dev.tulip-tech.com/_next/static/chunks/main-fea6d9e24ca9e619.js:1:22298
loadRoute@https://moops-dev.tulip-tech.com/_next/static/chunks/main-fea6d9e24ca9e619.js:1:24314
28432/p/prefetch/</<@https://moops-dev.tulip-tech.com/_next/static/chunks/main-fea6d9e24ca9e619.js:1:25411

Dynamically enable window occlusion 1
